<?xml version="1.0" encoding="UTF-8"?>
<testng-results ignored="0" total="1" passed="1" failed="0" skipped="0">
  <reporter-output>
  </reporter-output>
  <suite started-at="2024-06-04T18:08:33 IST" name="Default suite" finished-at="2024-06-04T18:08:49 IST" duration-ms="15740">
    <groups>
    </groups>
    <test started-at="2024-06-04T18:08:33 IST" name="Default test" finished-at="2024-06-04T18:08:49 IST" duration-ms="15740">
      <class name="logintest.Loginweb">
        <test-method is-config="true" signature="beforesuit()[pri:0, instance:logintest.Loginweb@548d708a]" started-at="2024-06-04T18:08:33 IST" name="beforesuit" finished-at="2024-06-04T18:08:33 IST" duration-ms="5" status="PASS">
          <reporter-output>
          </reporter-output>
        </test-method> <!-- beforesuit -->
        <test-method is-config="true" signature="loadConfig()[pri:0, instance:logintest.Loginweb@548d708a]" started-at="2024-06-04T18:08:33 IST" name="loadConfig" finished-at="2024-06-04T18:08:33 IST" duration-ms="8" status="PASS">
          <reporter-output>
          </reporter-output>
        </test-method> <!-- loadConfig -->
        <test-method is-config="true" signature="launchwebapp()[pri:0, instance:logintest.Loginweb@548d708a]" started-at="2024-06-04T18:08:33 IST" name="launchwebapp" finished-at="2024-06-04T18:08:38 IST" duration-ms="5136" status="PASS">
          <reporter-output>
          </reporter-output>
        </test-method> <!-- launchwebapp -->
        <test-method signature="Alert()[pri:7, instance:logintest.Loginweb@548d708a]" started-at="2024-06-04T18:08:38 IST" name="Alert" finished-at="2024-06-04T18:08:49 IST" duration-ms="10563" status="PASS">
          <reporter-output>
          </reporter-output>
        </test-method> <!-- Alert -->
        <test-method is-config="true" signature="teardown()[pri:0, instance:logintest.Loginweb@548d708a]" started-at="2024-06-04T18:08:49 IST" name="teardown" finished-at="2024-06-04T18:08:49 IST" duration-ms="0" status="PASS">
          <reporter-output>
          </reporter-output>
        </test-method> <!-- teardown -->
      </class> <!-- logintest.Loginweb -->
    </test> <!-- Default test -->
  </suite> <!-- Default suite -->
</testng-results>
